\BOOKMARK [0][-]{chapter.1}{Introduction}{}% 1
\BOOKMARK [0][-]{chapter.2}{Preliminaries}{}% 2
\BOOKMARK [1][-]{section.2.1}{Graph File Formats}{chapter.2}% 3
\BOOKMARK [2][-]{subsection.2.1.1}{Division of Formats}{section.2.1}% 4
\BOOKMARK [2][-]{subsection.2.1.2}{Simple Formats}{section.2.1}% 5
\BOOKMARK [2][-]{subsection.2.1.3}{XML Formats}{section.2.1}% 6
\BOOKMARK [2][-]{subsection.2.1.4}{Other Formats}{section.2.1}% 7
\BOOKMARK [0][-]{chapter.3}{Design}{}% 8
\BOOKMARK [1][-]{section.3.1}{Distributed Loading of Graph File Formats}{chapter.3}% 9
\BOOKMARK [2][-]{subsection.3.1.1}{Storage of Graph Objects}{section.3.1}% 10
\BOOKMARK [2][-]{subsection.3.1.2}{Key Mapping for Vertices}{section.3.1}% 11
\BOOKMARK [2][-]{subsection.3.1.3}{File Loading}{section.3.1}% 12
\BOOKMARK [2][-]{subsection.3.1.4}{Synchronization}{section.3.1}% 13
\BOOKMARK [1][-]{section.3.2}{Internal Graph File Format}{chapter.3}% 14
\BOOKMARK [0][-]{chapter.4}{Architecture}{}% 15
\BOOKMARK [1][-]{section.4.1}{DXRAM}{chapter.4}% 16
\BOOKMARK [2][-]{subsection.4.1.1}{Integration in DXRAM}{section.4.1}% 17
\BOOKMARK [1][-]{section.4.2}{Architecture of the Application}{chapter.4}% 18
\BOOKMARK [2][-]{subsection.4.2.1}{Data Structures}{section.4.2}% 19
\BOOKMARK [2][-]{subsection.4.2.2}{Deployment of File data on nodes}{section.4.2}% 20
\BOOKMARK [2][-]{subsection.4.2.3}{Processing/ Parsing of Data}{section.4.2}% 21
\BOOKMARK [2][-]{subsection.4.2.4}{Storing}{section.4.2}% 22
\BOOKMARK [1][-]{section.4.3}{Issues}{chapter.4}% 23
\BOOKMARK [1][-]{section.4.4}{Application Programming Interface}{chapter.4}% 24
\BOOKMARK [2][-]{subsection.4.4.1}{SupportedFormats}{section.4.4}% 25
\BOOKMARK [2][-]{subsection.4.4.2}{GraphFormat}{section.4.4}% 26
\BOOKMARK [0][-]{chapter.5}{Evaluation}{}% 27
\BOOKMARK [0][-]{chapter.6}{Conclusion}{}% 28
\BOOKMARK [0][-]{appendix.A}{Appendix}{}% 29
\BOOKMARK [0][-]{appendix*.20}{Literature}{}% 30
\BOOKMARK [0][-]{appendix*.20}{List of Figures}{}% 31
\BOOKMARK [0][-]{appendix*.20}{List of Tables}{}% 32
\BOOKMARK [0][-]{appendix*.20}{List of Algorithms}{}% 33
